<?xml version="1.0" encoding="UTF-8"?>
<testsuite xmlns:xsi="http://www.w3.org/2001/XMLSchema-instance" xsi:noNamespaceSchemaLocation="https://maven.apache.org/surefire/maven-surefire-plugin/xsd/surefire-test-report.xsd" name="testRunners.AmazonTest" time="0.39" tests="2" errors="0" skipped="0" failures="1">
  <properties>
[...]
</properties>
  <testcase name="Search a Product MAcBook air" classname="Amazon Search" time="0.111"/>
  <testcase name="Search a Product Iphone" classname="Amazon Search" time="0.012">
    <failure message="expected:&lt;Iphoneo&gt; but was:&lt;null&gt;" type="junit.framework.ComparisonFailure"><![CDATA[junit.framework.ComparisonFailure: expected:<Iphoneo> but was:<null>
]]></failure>
    <system-out><![CDATA[
@Regression
Scenario: Search a Product Iphone                               &amp#27;[90m# src/test/resources/AppFeatures/Search.feature:30&amp#27;[0m
take the screenshot
Step 1: I am on search page
  &amp#27;[32mGiven &amp#27;[0m&amp#27;[32mI have a search field on Amazon Page&amp#27;[0m                    &amp#27;[90m# stepDefinations.SearchSteps.i_have_a_search_field_on_amazon_page()&amp#27;[0m
refresh the page
take the screenshot
Step 2: Serach the product with name Iphoneo Price: 700
  &amp#27;[32mWhen &amp#27;[0m&amp#27;[32mI search for a product with name &amp#27;[0m&amp#27;[32m&amp#27;[1m"Iphoneo"&amp#27;[0m&amp#27;[32m and Price &amp#27;[0m&amp#27;[32m&amp#27;[1m700&amp#27;[0m &amp#27;[90m# stepDefinations.SearchSteps.i_search_for_a_product_with_name_and_price(java.lang.String,java.lang.Integer)&amp#27;[0m
refresh the page
take the screenshot
Step 3: Product Iphone is displayed
Search product is : null
  &amp#27;[31mThen &amp#27;[0m&amp#27;[31mProduct with name &amp#27;[0m&amp#27;[31m&amp#27;[1m"Iphone"&amp#27;[0m&amp#27;[31m should be displayed&amp#27;[0m           &amp#27;[90m# stepDefinations.SearchSteps.product_with_name_should_be_displayed(java.lang.String)&amp#27;[0m
      &amp#27;[31mjunit.framework.ComparisonFailure: expected:<Iphoneo> but was:<null>
	at junit.framework.Assert.assertEquals(Assert.java:100)
	at junit.framework.Assert.assertEquals(Assert.java:107)
	at stepDefinations.SearchSteps.product_with_name_should_be_displayed(SearchSteps.java:39)
	at ✽.Product with name "Iphone" should be displayed(file:///Users/arif_chowdhuary/eclipse-workspace/JavaProject/CucumberPractices/src/test/resources/AppFeatures/Search.feature:33)
&amp#27;[0m
refresh the page
  &amp#27;[36mThen &amp#27;[0m&amp#27;[36mYour order id is &amp#27;[0m&amp#27;[36m&amp#27;[1m09876&amp#27;[0m&amp#27;[36m and username is &amp#27;[0m&amp#27;[36m&amp#27;[1m"Chowdhuary"&amp#27;[0m      &amp#27;[90m# stepDefinations.SearchSteps.your_order_id_is_and_username_is(java.lang.Integer,java.lang.String)&amp#27;[0m
]]></system-out>
  </testcase>
</testsuite>